<?xml version="1.0" encoding="UTF-8"?>
<!-- Generated by org.testng.reporters.JUnitReportReporter -->
<testsuite skipped="0" hostname="Chandan" name="com.appium.scripts.SK_IA_CreateAccount" tests="1" failures="0" timestamp="03 Aug 2019 11:46:08 GMT" time="199.961" errors="0">
  <testcase name="createAccount" time="199.961" classname="com.appium.scripts.SK_IA_CreateAccount"/>
</testsuite> <!-- com.appium.scripts.SK_IA_CreateAccount -->
