<?xml version="1.0" encoding="UTF-8"?>
<!-- Generated by org.testng.reporters.JUnitReportReporter -->
<testsuite skipped="0" hostname="Chandan" name="com.appium.scripts.SK_SOSInstalledApp" tests="1" failures="0" timestamp="02 Aug 2019 07:18:47 GMT" time="97.497" errors="0">
  <testcase name="SOS" time="97.497" classname="com.appium.scripts.SK_SOSInstalledApp"/>
</testsuite> <!-- com.appium.scripts.SK_SOSInstalledApp -->
