<?xml version="1.0" encoding="UTF-8"?>
<!-- Generated by org.testng.reporters.JUnitReportReporter -->
<testsuite skipped="0" hostname="Chandan" name="com.appium.scripts.SK_CreateAccount" tests="1" failures="0" timestamp="10 Jul 2019 06:31:47 GMT" time="482.288" errors="0">
  <testcase name="CreateAccount" time="482.288" classname="com.appium.scripts.SK_CreateAccount"/>
</testsuite> <!-- com.appium.scripts.SK_CreateAccount -->
