<?xml version="1.0" encoding="UTF-8"?>
<!-- Generated by org.testng.reporters.JUnitReportReporter -->
<testsuite skipped="0" hostname="Chandan" name="com.appium.scripts.SK_IA_SafeWalk" tests="1" failures="0" timestamp="03 Aug 2019 06:13:06 GMT" time="93.589" errors="0">
  <testcase name="safeWalk" time="93.589" classname="com.appium.scripts.SK_IA_SafeWalk"/>
</testsuite> <!-- com.appium.scripts.SK_IA_SafeWalk -->
