<?xml version="1.0" encoding="UTF-8"?>
<!-- Generated by org.testng.reporters.JUnitReportReporter -->
<testsuite skipped="0" hostname="Chandan" name="com.TestNGScript.file.SafetyKuvrrHomePageMenu" tests="1" failures="0" timestamp="29 May 2019 11:14:47 GMT" time="36.613" errors="0">
  <testcase name="TestHambugerMenuClick" time="36.613" classname="com.TestNGScript.file.SafetyKuvrrHomePageMenu"/>
</testsuite> <!-- com.TestNGScript.file.SafetyKuvrrHomePageMenu -->
