<?xml version="1.0" encoding="UTF-8"?>
<!-- Generated by org.testng.reporters.JUnitReportReporter -->
<testsuite skipped="0" hostname="Chandan" name="com.TestNGScript.file.SafetyKuvrrBroadcast" tests="1" failures="0" timestamp="28 Jun 2019 06:52:08 GMT" time="38.043" errors="0">
  <testcase name="launchSafetyApp" time="38.043" classname="com.TestNGScript.file.SafetyKuvrrBroadcast"/>
</testsuite> <!-- com.TestNGScript.file.SafetyKuvrrBroadcast -->
