<?xml version="1.0" encoding="UTF-8"?>
<!-- Generated by org.testng.reporters.JUnitReportReporter -->
<testsuite skipped="0" hostname="ashish" name="org.teachermatch.login.LoginIT" tests="1" failures="0" timestamp="10 Oct 2018 07:22:43 GMT" time="16.815" errors="0">
  <testcase name="checkForInvalidEmailValidation" time="16.815" classname="org.teachermatch.login.LoginIT"/>
</testsuite> <!-- org.teachermatch.login.LoginIT -->
